<?xml version="1.0" encoding="UTF-8"?>
<!-- Generated by org.testng.reporters.JUnitReportReporter -->
<testsuite hostname="DESKTOP-OKMCEFE" failures="0" tests="4" name="pkg.Wappalyzer" time="11.993" errors="0" timestamp="2022-10-11T00:05:17 IST" skipped="0">
  <testcase classname="pkg.Wappalyzer" name="clickResources" time="0.146"/>
  <system-out/>
  <testcase classname="pkg.Wappalyzer" name="clickTechnologies" time="0.246"/>
  <system-out/>
  <testcase classname="pkg.Wappalyzer" name="search" time="11.018"/>
  <system-out/>
  <testcase classname="pkg.Wappalyzer" name="clickLead" time="0.583"/>
  <system-out/>
</testsuite> <!-- pkg.Wappalyzer -->
